-I: Adding /ihome/lchong/dty7/Apps/anaconda3/envs/md/dat/leap/prep to search path.
-I: Adding /ihome/lchong/dty7/Apps/anaconda3/envs/md/dat/leap/lib to search path.
-I: Adding /ihome/lchong/dty7/Apps/anaconda3/envs/md/dat/leap/parm to search path.
-I: Adding /ihome/lchong/dty7/Apps/anaconda3/envs/md/dat/leap/cmd to search path.
-f: Source tleap.in.

Welcome to LEaP!
(no leaprc in search path)
Sourcing: ./tleap.in
----- Source: /ihome/lchong/dty7/Apps/anaconda3/envs/md/dat/leap/cmd/leaprc.protein.ff15ipq
----- Source of /ihome/lchong/dty7/Apps/anaconda3/envs/md/dat/leap/cmd/leaprc.protein.ff15ipq done
Log file: ./leap.log
Loading parameters: /ihome/lchong/dty7/Apps/anaconda3/envs/md/dat/leap/parm/parm15ipq_10.3.dat
Reading title:
Parm15 developmental parameter set
Loading library: /ihome/lchong/dty7/Apps/anaconda3/envs/md/dat/leap/lib/amino15ipq_10.0.lib
Loading library: /ihome/lchong/dty7/Apps/anaconda3/envs/md/dat/leap/lib/aminoct15ipq_10.0.lib
Loading library: /ihome/lchong/dty7/Apps/anaconda3/envs/md/dat/leap/lib/aminont15ipq_10.0.lib
----- Source: /ihome/lchong/dty7/Apps/anaconda3/envs/md/dat/leap/cmd/leaprc.water.spce
----- Source of /ihome/lchong/dty7/Apps/anaconda3/envs/md/dat/leap/cmd/leaprc.water.spce done
Loading library: /ihome/lchong/dty7/Apps/anaconda3/envs/md/dat/leap/lib/atomic_ions.lib
Loading library: /ihome/lchong/dty7/Apps/anaconda3/envs/md/dat/leap/lib/solvents.lib
Loading parameters: /ihome/lchong/dty7/Apps/anaconda3/envs/md/dat/leap/parm/frcmod.spce
Reading force field modification type file (frcmod)
Reading title:
This is the additional/replacement parameter set for SPC/E water
Loading parameters: /ihome/lchong/dty7/Apps/anaconda3/envs/md/dat/leap/parm/frcmod.ionsjc_spce
Reading force field modification type file (frcmod)
Reading title:
Monovalent ion parameters for Ewald and SPC/E water from Joung & Cheatham JPCB (2008)
Loading parameters: /ihome/lchong/dty7/Apps/anaconda3/envs/md/dat/leap/parm/frcmod.ions234lm_126_spce
Reading force field modification type file (frcmod)
Reading title:
Li/Merz ion parameters of divalent to tetravalent ions for SPC/E water model (12-6 normal usage set)
Loading PDB file: ./4xfx_sep2_leap.pdb
  total atoms in file: 7188
Using ArgH and AspGluO modified Bondi2 radii
Checking Unit.

/ihome/lchong/dty7/Apps/anaconda3/envs/md/bin/teLeap: Warning!
The unperturbed charge of the unit (-4.000000) is not zero.

/ihome/lchong/dty7/Apps/anaconda3/envs/md/bin/teLeap: Note.
Ignoring the warning from Unit Checking.

Building topology.
Building atom parameters.
Building bond parameters.
Building angle parameters.
Building proper torsion parameters.
Building improper torsion parameters.
 total 1372 improper torsions applied
Building H-Bond parameters.
Incorporating Non-Bonded adjustments.
Not Marking per-residue atom chain types.
Marking per-residue atom chain types.
  (Residues lacking connect0/connect1 - 
   these don't have chain types marked:

	res	total affected

	CLEU	2
	NPRO	2
  )
 (no restraints)
Writing pdb file: 4xfx_sep_igb8.pdb

/ihome/lchong/dty7/Apps/anaconda3/envs/md/bin/teLeap: Warning!
 Converting N-terminal residue name to PDB format: NPRO -> PRO

/ihome/lchong/dty7/Apps/anaconda3/envs/md/bin/teLeap: Warning!
 Converting C-terminal residue name to PDB format: CLEU -> LEU

/ihome/lchong/dty7/Apps/anaconda3/envs/md/bin/teLeap: Warning!
 Converting N-terminal residue name to PDB format: NPRO -> PRO

/ihome/lchong/dty7/Apps/anaconda3/envs/md/bin/teLeap: Warning!
 Converting C-terminal residue name to PDB format: CLEU -> LEU
	Quit

Exiting LEaP: Errors = 0; Warnings = 5; Notes = 1.
