-I: Adding /ihome/lchong/dty7/Apps/anaconda3/envs/md/dat/leap/prep to search path.
-I: Adding /ihome/lchong/dty7/Apps/anaconda3/envs/md/dat/leap/lib to search path.
-I: Adding /ihome/lchong/dty7/Apps/anaconda3/envs/md/dat/leap/parm to search path.
-I: Adding /ihome/lchong/dty7/Apps/anaconda3/envs/md/dat/leap/cmd to search path.
-f: Source tleap.in.

Welcome to LEaP!
(no leaprc in search path)
Sourcing: ./tleap.in
----- Source: /ihome/lchong/dty7/Apps/anaconda3/envs/md/dat/leap/cmd/leaprc.protein.ff14SBonlysc
----- Source of /ihome/lchong/dty7/Apps/anaconda3/envs/md/dat/leap/cmd/leaprc.protein.ff14SBonlysc done
Log file: ./leap.log
Loading parameters: /ihome/lchong/dty7/Apps/anaconda3/envs/md/dat/leap/parm/parm10.dat
Reading title:
PARM99 + frcmod.ff99SB + frcmod.parmbsc0 + OL3 for RNA
Loading parameters: /ihome/lchong/dty7/Apps/anaconda3/envs/md/dat/leap/parm/frcmod.ff14SB
Reading force field modification type file (frcmod)
Reading title:
ff14SB protein backbone and sidechain parameters
Loading parameters: /ihome/lchong/dty7/Apps/anaconda3/envs/md/dat/leap/parm/frcmod.ff99SB14
Reading force field modification type file (frcmod)
Reading title:
ff99SB backbone parameters (Hornak & Simmerling) with ff14SB atom types
Loading library: /ihome/lchong/dty7/Apps/anaconda3/envs/md/dat/leap/lib/amino12.lib
Loading library: /ihome/lchong/dty7/Apps/anaconda3/envs/md/dat/leap/lib/aminoct12.lib
Loading library: /ihome/lchong/dty7/Apps/anaconda3/envs/md/dat/leap/lib/aminont12.lib
Loading PDB file: ./4xfx_sep_leap.pdb
  total atoms in file: 7188
Checking Unit.

/ihome/lchong/dty7/Apps/anaconda3/envs/md/bin/teLeap: Warning!
The unperturbed charge of the unit (-4.000000) is not zero.

/ihome/lchong/dty7/Apps/anaconda3/envs/md/bin/teLeap: Note.
Ignoring the warning from Unit Checking.

Building topology.
Building atom parameters.
Building bond parameters.
Building angle parameters.
Building proper torsion parameters.
Building improper torsion parameters.
 total 1392 improper torsions applied
Building H-Bond parameters.
Incorporating Non-Bonded adjustments.
Not Marking per-residue atom chain types.
Marking per-residue atom chain types.
  (Residues lacking connect0/connect1 - 
   these don't have chain types marked:

	res	total affected

	CLEU	2
	NPRO	2
  )
 (no restraints)
Writing pdb file: 4xfx_sep_imp.pdb

/ihome/lchong/dty7/Apps/anaconda3/envs/md/bin/teLeap: Warning!
 Converting N-terminal residue name to PDB format: NPRO -> PRO

/ihome/lchong/dty7/Apps/anaconda3/envs/md/bin/teLeap: Warning!
 Converting C-terminal residue name to PDB format: CLEU -> LEU

/ihome/lchong/dty7/Apps/anaconda3/envs/md/bin/teLeap: Warning!
 Converting N-terminal residue name to PDB format: NPRO -> PRO

/ihome/lchong/dty7/Apps/anaconda3/envs/md/bin/teLeap: Warning!
 Converting C-terminal residue name to PDB format: CLEU -> LEU
	Quit

Exiting LEaP: Errors = 0; Warnings = 5; Notes = 1.
