Warning: When compiling code please add the following flags to nvcc:
         -gencode arch=compute_35,code=[compute_35,sm_35] \
         -gencode arch=compute_61,code=[compute_61,sm_61] 
         -gencode arch=compute_70,code=[compute_70,sm_70] 
+ SANDER=pmemd.cuda
+ INP=06_prod_rest.in
+ TOP=4xfx_sep_solv.prmtop
+ CRD=05_eq3.rst
+ OUT=06_prod
+ pmemd.cuda -O -i 06_prod_rest.in -p 4xfx_sep_solv.prmtop -c 05_eq3.rst -r 06_prod.rst -o 06_prod.out -e 06_prod.ene -v 06_prod.vel -inf 06_prod.nfo -x 06_prod.nc
Note: The following floating-point exceptions are signalling: IEEE_UNDERFLOW_FLAG IEEE_DENORMAL
+ echo 'parm 4xfx_sep_solv.prmtop'
+ echo 'trajin 06_prod.nc 1 last 10i'
+ echo autoimage
+ echo 'strip :WAT,Cl-,Na+ parmout 4xfx_sep_dry.prmtop'
+ echo 'trajout 06_prod_dry_10i.nc'
+ echo go
+ echo quit
+ cpptraj -i strip_06.in
Error: [trajin] Not all arguments handled: [ 10i ]
	1 errors encountered reading input.
Error: Error(s) occurred during execution.
