-I: Adding /Users/darian/anaconda3/envs/md/dat/leap/prep to search path.
-I: Adding /Users/darian/anaconda3/envs/md/dat/leap/lib to search path.
-I: Adding /Users/darian/anaconda3/envs/md/dat/leap/parm to search path.
-I: Adding /Users/darian/anaconda3/envs/md/dat/leap/cmd to search path.
-f: Source tleap.in.

Welcome to LEaP!
(no leaprc in search path)
Sourcing: ./tleap.in
----- Source: /Users/darian/anaconda3/envs/md/dat/leap/cmd/leaprc.protein.ff15ipq
----- Source of /Users/darian/anaconda3/envs/md/dat/leap/cmd/leaprc.protein.ff15ipq done
Log file: ./leap.log
Loading parameters: /Users/darian/anaconda3/envs/md/dat/leap/parm/parm15ipq_10.3.dat
Reading title:
Parm15 developmental parameter set
Loading library: /Users/darian/anaconda3/envs/md/dat/leap/lib/amino15ipq_10.0.lib
Loading library: /Users/darian/anaconda3/envs/md/dat/leap/lib/aminoct15ipq_10.0.lib
Loading library: /Users/darian/anaconda3/envs/md/dat/leap/lib/aminont15ipq_10.0.lib
----- Source: /Users/darian/anaconda3/envs/md/dat/leap/cmd/leaprc.water.spce
----- Source of /Users/darian/anaconda3/envs/md/dat/leap/cmd/leaprc.water.spce done
Loading library: /Users/darian/anaconda3/envs/md/dat/leap/lib/atomic_ions.lib
Loading library: /Users/darian/anaconda3/envs/md/dat/leap/lib/solvents.lib
Loading parameters: /Users/darian/anaconda3/envs/md/dat/leap/parm/frcmod.spce
Reading force field modification type file (frcmod)
Reading title:
This is the additional/replacement parameter set for SPC/E water
Loading parameters: /Users/darian/anaconda3/envs/md/dat/leap/parm/frcmod.ionsjc_spce
Reading force field modification type file (frcmod)
Reading title:
Monovalent ion parameters for Ewald and SPC/E water from Joung & Cheatham JPCB (2008)
Loading parameters: /Users/darian/anaconda3/envs/md/dat/leap/parm/frcmod.ions234lm_126_spce
Reading force field modification type file (frcmod)
Reading title:
Li/Merz ion parameters of divalent to tetravalent ions for SPC/E water model (12-6 normal usage set)
Loading PDB file: ./4xfx_sep_leap.pdb
  total atoms in file: 7188

/Users/darian/anaconda3/envs/md/bin/teLeap: Warning!
addIons: 1st Ion & target unit have charges of the same sign:
     unit charge = -4; ion1 charge = -1;
     can't neutralize.
4 Na+ ions required to neutralize.
Adding 4 counter ions to "mol" using 1A grid
Grid extends from solute vdw + 1.21  to  7.21
Resolution:      1.00 Angstrom.
 (no solvent present)
Calculating grid charges
Placed Na+ in mol at (-2.63, -41.16, -2.54).
Placed Na+ in mol at (36.37, 30.84, -15.54).
Placed Na+ in mol at (14.37, 9.84, 6.46).
Placed Na+ in mol at (48.37, 14.84, 4.46).

Done adding ions.
Scaling up box by a factor of 1.261634 to meet diagonal cut criterion
  Solute vdw bounding box:              44.298 103.254 122.207
  Total bounding box for atom centers:  162.580 162.580 162.580
      (box expansion for 'iso' is 117.4%)
  Solvent unit box:                     18.774 18.774 18.774
  Volume: 2188551.079 A^3 (oct)
  Total mass 1223752.528 amu,  Density 0.929 g/cc
  Added 65079 residues.
Checking Unit.
Building topology.
Building atom parameters.
Building bond parameters.
Building angle parameters.
Building proper torsion parameters.
Building improper torsion parameters.
 total 1372 improper torsions applied
Building H-Bond parameters.
Incorporating Non-Bonded adjustments.
Not Marking per-residue atom chain types.
Marking per-residue atom chain types.
  (Residues lacking connect0/connect1 - 
   these don't have chain types marked:

	res	total affected

	CLEU	2
	NPRO	2
	WAT	65079
  )
 (no restraints)
Writing pdb file: 4xfx_sep_solv.pdb
   printing CRYST1 record to PDB file with box info

/Users/darian/anaconda3/envs/md/bin/teLeap: Warning!
 Converting N-terminal residue name to PDB format: NPRO -> PRO

/Users/darian/anaconda3/envs/md/bin/teLeap: Warning!
 Converting C-terminal residue name to PDB format: CLEU -> LEU

/Users/darian/anaconda3/envs/md/bin/teLeap: Warning!
 Converting N-terminal residue name to PDB format: NPRO -> PRO

/Users/darian/anaconda3/envs/md/bin/teLeap: Warning!
 Converting C-terminal residue name to PDB format: CLEU -> LEU
	Quit

Exiting LEaP: Errors = 0; Warnings = 5; Notes = 0.
