
CPPTRAJ: Trajectory Analysis. V6.4.4 (AmberTools)
    ___  ___  ___  ___
     | \/ | \/ | \/ | 
    _|_/\_|_/\_|_/\_|_

| Date/time: 08/06/22 19:40:28
| Available memory: 100.831 GB

INPUT: Reading input from 'strip_06.in'
  [parm 2m8l_sep_solv.prmtop]
	Reading '2m8l_sep_solv.prmtop' as Amber Topology
	Radius Set: modified Bondi radii (mbondi)
  [trajin 06_prod.nc]
	Reading '06_prod.nc' as Amber NetCDF
  [autoimage]
    AUTOIMAGE: To box center based on center of mass, anchor is first molecule.
  [strip :WAT,Cl- parmout 2m8l_sep_dry.prmtop]
    STRIP: Stripping atoms in mask [:WAT,Cl-]
	Writing 'stripped' topology file with name '2m8l_sep_dry.prmtop'
  [trajout 06_prod_dry.nc]
	Writing '06_prod_dry.nc' as Amber NetCDF
  [go]
---------- RUN BEGIN -------------------------------------------------

PARAMETER FILES (1 total):
 0: 2m8l_sep_solv.prmtop, 429000 atoms, 140872 res, box: Truncated octahedron, 139492 mol, 133954 solvent

INPUT TRAJECTORIES (1 total):
 0: '06_prod.nc' is a NetCDF AMBER trajectory with coordinates, time, box, Parm 2m8l_sep_solv.prmtop (Truncated octahedron box) (reading 50000 of 50000)
  Coordinate processing will occur on 50000 frames.

OUTPUT TRAJECTORIES (1 total):
  '06_prod_dry.nc' (50000 frames) is a NetCDF AMBER trajectory

BEGIN TRAJECTORY PROCESSING:
.....................................................
ACTION SETUP FOR PARM '2m8l_sep_solv.prmtop' (2 actions):
  0: [autoimage]
	Original box is truncated octahedron, turning on 'familiar'.
	Using first molecule as anchor.
	5 molecules are fixed to anchor: 2 3 4 5 6
	139486 molecules are mobile.
  1: [strip :WAT,Cl- parmout 2m8l_sep_dry.prmtop]
	Stripping 404637 atoms.
	Stripped topology: 24363 atoms, 4143 res, box: Truncated octahedron, 2763 mol
	Writing topology 0 (2m8l_sep_solv.prmtop) to '2m8l_sep_dry.prmtop' with format Amber Topology
	Memory used by full exclusion list: 474.768 kB
	Topology has alternative residue numbering (from e.g PDB, stripping, reordering, etc).
.....................................................
ACTIVE OUTPUT TRAJECTORIES (1):
  06_prod_dry.nc (coordinates, time, box)
----- 06_prod.nc (1-50000, 1) -----
 0% 10% 20% 30% 40% 50% 60% 70% 80% 90% 100% Complete.

Read 50000 frames and processed 50000 frames.
TIME: Avg. throughput= 15.3977 frames / second.

ACTION OUTPUT:
TIME: Analyses took 0.0000 seconds.

RUN TIMING:
TIME:		Init               : 0.0000 s (  0.00%)
TIME:		Trajectory Process : 3247.2334 s (100.00%)
TIME:		Action Post        : 0.0000 s (  0.00%)
TIME:		Analysis           : 0.0000 s (  0.00%)
TIME:		Data File Write    : 0.0000 s (  0.00%)
TIME:		Other              : 0.1524 s (  0.00%)
TIME:	Run Total 3247.3858 s
---------- RUN END ---------------------------------------------------
  [quit]
TIME: Total execution time: 3248.4731 seconds.
--------------------------------------------------------------------------------
To cite CPPTRAJ use:
Daniel R. Roe and Thomas E. Cheatham, III, "PTRAJ and CPPTRAJ: Software for
  Processing and Analysis of Molecular Dynamics Trajectory Data". J. Chem.
  Theory Comput., 2013, 9 (7), pp 3084-3095.

