
          -------------------------------------------------------
          Amber 22 PMEMD                              2022
          -------------------------------------------------------

| PMEMD implementation of SANDER, Release 22

|  Compiled date/time: Thu Apr 14 14:06:37 2022
| Run on 08/31/2022 at 15:18:10

|   Executable path: pmemd
| Working directory: /ix/lchong/dty7/ca-assembly/dimer/implicit
|          Hostname: gpu-stage15

  [-O]verwriting output

File Assignments:
|   MDIN: 02_min.in                                                             
|  MDOUT: 02_min.out                                                            
| INPCRD: 4xfx_sep_igb8.inpcrd                                                  
|   PARM: 4xfx_sep_igb8.prmtop                                                  
| RESTRT: 02_min.rst                                                            
|   REFC: refc                                                                  
|  MDVEL: mdvel                                                                 
|   MDEN: mden                                                                  
|  MDCRD: mdcrd                                                                 
| MDINFO: mdinfo                                                                
|  MDFRC: mdfrc                                                                 


 Here is the input file:

Unrestrained 10000 step minimization, 500 SD                                   
&cntrl                                                                         
  imin      = 1,                                                               
  irest     = 0,                                                               
  ntx       = 1,                                                               
  ntmin     = 1,                                                               
  maxcyc    = 10000,                                                           
  ncyc      = 500,                                                             
  ntr       = 0,                                                               
  ntf       = 1,                                                               
  ntc       = 1,                                                               
  ntb       = 0,        ! no periodic boundaries                               
  cut       = 1000.0,   ! increased cut with implicit                          
  saltcon   = 0.0,      ! implicit salt con in Molar                           
  igb       = 8         ! specify GBneck2, the implicit solvent model          
  gbsa      = 3         ! compute surface area using a fast pairwise approximat
                        ! suitable for GPU machine.                            
  surften   = 0.007     ! set the surface tension used to calculate the nonpola
                        ! contribution to the free energy of solvation.        
  ntpr      = 1,                                                               
  ntxo      = 2,                                                               
  ntwr      = 10000,                                                           
  ioutfm    = 1,                                                               
  ntwx      = 0,                                                               
  iwrap     = 0,                                                               
&end                                                                           


Note: ig = -1. Setting random seed to   505574 based on wallclock time in 
      microseconds.
| irandom = 1, using AMBER's internal random number generator (default).
 

  Unit    9 Error on OPEN: 4xfx_sep_igb8.inpcrd                                                                                                                                                                                                                                            
