
          -------------------------------------------------------
          Amber 22 PMEMD                              2022
          -------------------------------------------------------

| PMEMD implementation of SANDER, Release 22

|  Compiled date/time: Thu Apr 14 14:06:37 2022
| Run on 08/31/2022 at 15:18:10

|   Executable path: pmemd.cuda
| Working directory: /ix/lchong/dty7/ca-assembly/dimer/implicit
|          Hostname: gpu-stage15

  [-O]verwriting output

File Assignments:
|   MDIN: 03_eq1.in                                                             
|  MDOUT: 03_eq1.out                                                            
| INPCRD: 02_min.rst                                                            
|   PARM: 4xfx_sep_igb8.prmtop                                                  
| RESTRT: 03_eq1.rst                                                            
|   REFC: 02_min.rst                                                            
|  MDVEL: mdvel                                                                 
|   MDEN: mden                                                                  
|  MDCRD: mdcrd                                                                 
| MDINFO: mdinfo                                                                
|  MDFRC: mdfrc                                                                 


 Here is the input file:

20 ps solute restrained NVT equilibration using Langevin thermostat            
&cntrl                                                                         
  irest     = 0,                                                               
  ntx       = 1,                                                               
  ig        = -1,                                                              
  dt        = 0.002,                                                           
  nstlim    = 10000,                                                           
  nscm      = 500,                                                             
  ntr       = 1,                                                               
  restraint_wt  = 1.0,                                                         
  restraintmask = '!:WAT & !@H',                                               
  ntb       = 0,        ! no periodic boundaries                               
  cut       = 1000.0,   ! increased cut with implicit                          
  saltcon   = 0.0,      ! implicit salt con in Molar                           
  igb       = 8         ! specify GBneck2, the implicit solvent model          
  gbsa      = 3         ! compute surface area using a fast pairwise approximat
                        ! suitable for GPU machine.                            
  surften   = 0.007     ! set the surface tension used to calculate the nonpola
                        ! contribution to the free energy of solvation.        
  ntp       = 0,                                                               
  ntt       = 3,                                                               
  tempi     = 298.0,                                                           
  temp0     = 298.0,                                                           
  gamma_ln  = 1.0,                                                             
  ntf       = 2,                                                               
  ntc       = 2,                                                               
  ntpr      = 500,                                                             
  ntxo      = 2,                                                               
  ntwr      = 10000,                                                           
  ioutfm    = 1,                                                               
  ntwx      = 500,                                                             
  iwrap     = 0,                                                               
&end                                                                           


Note: ig = -1. Setting random seed to   718705 based on wallclock time in 
      microseconds.
| irandom = 1, using AMBER's internal random number generator (default).
 
|--------------------- INFORMATION ----------------------
| GPU (CUDA) Version of PMEMD in use: NVIDIA GPU IN USE.
|                    Version 18.0.0
| 
|                      03/25/2018
| 
| Implementation by:
|                    Ross C. Walker     (SDSC)
|                    Scott Le Grand     (nVIDIA)
| 
| Version 18 performance extensions by:
|                    David Cerutti     (Rutgers)
| 
| Precision model in use:
|      [SPFP] - Single Precision Forces, 64-bit Fixed Point
|               Accumulation. (Default)
| 
|--------------------------------------------------------
 
|----------------- CITATION INFORMATION -----------------
|
|    When publishing work that utilized the CUDA version
|    of AMBER, please cite the following in addition to
|    the regular AMBER citations:
|
|  - Andreas W. Goetz; Mark J. Williamson; Dong Xu;
|    Duncan Poole; Scott Le Grand; Ross C. Walker
|    "Routine microsecond molecular dynamics simulations
|    with AMBER - Part I: Generalized Born", J. Chem.
|    Theory Comput., 2012, 8 (5), pp1542-1555.
|
|  - Scott Le Grand; Andreas W. Goetz; Ross C. Walker
|    "SPFP: Speed without compromise - a mixed precision
|    model for GPU accelerated molecular dynamics
|    simulations.", Comp. Phys. Comm., 2013, 184
|    pp374-380, DOI: 10.1016/j.cpc.2012.09.022
|
|--------------------------------------------------------
 
|------------------- GPU DEVICE INFO --------------------
|
|            CUDA_VISIBLE_DEVICES: 0
|   CUDA Capable Devices Detected:      1
|           CUDA Device ID in use:      0
|                CUDA Device Name: GeForce GTX 1080
|     CUDA Device Global Mem Size:   8119 MB
| CUDA Device Num Multiprocessors:     20
|           CUDA Device Core Freq:   1.73 GHz
|
|--------------------------------------------------------
 
| Conditional Compilation Defines Used:
| PUBFFT
| BINTRAJ
| CUDA
| EMIL

| New format PARM file being parsed.
| Version =    1.000 Date = 08/30/22 Time = 15:52:32

| Note: 1-4 EEL scale factors are being read from the topology file.

| Note: 1-4 VDW scale factors are being read from the topology file.
| INFO:    Reading atomic numbers from topology file.
| Duplicated    0 dihedrals

| Duplicated    0 dihedrals

--------------------------------------------------------------------------------
   1.  RESOURCE   USE: 
--------------------------------------------------------------------------------

 NATOM  =    7188 NTYPES =      14 NBONH =    3598 MBONA  =    3672
 NTHETH =    8230 MTHETA =    4990 NPHIH =   16498 MPHIA  =   15940
 NHPARM =       0 NPARM  =       0 NNB   =   39824 NRES   =     462
 NBONA  =    3672 NTHETA =    4990 NPHIA =   15940 NUMBND =      67
 NUMANG =     158 NPTRA  =     189 NATYP =      32 NPHB   =       0
 IFBOX  =       0 NMXRS  =      24 IFCAP =       0 NEXTRA =       0
 NCOPY  =       0

 Implicit solvent radii are ArgH and AspGluO modified Bondi2 radii (mbondi3)                                
 Replacing prmtop screening parameters with GBn2 (igb=8) values
--------------------------------------------------------------------------------
   2.  CONTROL  DATA  FOR  THE  RUN
--------------------------------------------------------------------------------

default_name                                                                    

General flags:
     imin    =       0, nmropt  =       0

Nature and format of input:
     ntx     =       1, irest   =       0, ntrx    =       1

Nature and format of output:
     ntxo    =       2, ntpr    =     500, ntrx    =       1, ntwr    =   10000
     iwrap   =       0, ntwx    =     500, ntwv    =       0, ntwe    =       0
     ioutfm  =       1, ntwprt  =       0, idecomp =       0, rbornstat=      0

Potential function:
     ntf     =       2, ntb     =       0, igb     =       8, nsnb    =      25
     ipol    =       0, gbsa    =       3, iesp    =       0
     dielc   =   1.00000, cut     =1000.00000, intdiel =   1.00000
     saltcon =   0.00000, offset  =   0.19514, surften =   0.00700
     rdt     =   0.00000, rgbmax  =  25.00000  extdiel =  78.50000
     alpb  =        0
     gbalphaH  =   0.78844, gbbetaH   =   0.79870,  gbgammaH  =    0.43733
     gbalphaC  =   0.73376, gbbetaC   =   0.50638,  gbgammaC  =    0.20584
     gbalphaN  =   0.50336, gbbetaN   =   0.31683,  gbgammaN  =    0.19292
     gbalphaOS =   0.86781, gbbetaOS  =   0.87664,  gbgammaOS =    0.38788
     gbalphaP  =   1.00000, gbbetaP   =   0.80000,  gbgammaP  =    4.85000
     gb_alpha_hnu  =   0.53705, gb_beta_hnu   =   0.36286,  gb_gamma_hnu  =    0.11670
     gb_alpha_cnu  =   0.33167, gb_beta_cnu   =   0.19684,  gb_gamma_cnu  =    0.09342
     gb_alpha_nnu  =   0.68631, gb_beta_nnu   =   0.46319,  gb_gamma_nnu  =    0.13872
     gb_alpha_onu  =   0.60634, gb_beta_onu   =   0.46301,  gb_gamma_onu  =    0.14226
     gb_alpha_pnu  =   0.41836, gb_beta_pnu   =   0.29005,  gb_gamma_pnu  =    0.10642

Frozen or restrained atoms:
     ibelly  =       0, ntr     =       1
     restraint_wt =   1.00000

Molecular dynamics:
     nstlim  =     10000, nscm    =         0, nrespa  =         1
     t       =   0.00000, dt      =   0.00200, vlimit  =  -1.00000

Langevin dynamics temperature regulation:
     ig      =  718705
     temp0   = 298.00000, tempi   = 298.00000, gamma_ln=   1.00000

SHAKE:
     ntc     =       2, jfastw  =       0
     tol     =   0.00001

| Intermolecular bonds treatment:
|     no_intermolecular_bonds =       1

| Energy averages sample interval:
|     ene_avg_sampling =     500

    LOADING THE CONSTRAINED ATOMS AS GROUPS


   5.  REFERENCE ATOM COORDINATES

  default_name                                                                    
     Mask !:WAT & !@H; matches  6762 atoms

--------------------------------------------------------------------------------
   3.  ATOMIC COORDINATES AND VELOCITIES
--------------------------------------------------------------------------------

default_name                                                                    
 begin time read from input coords =     0.000 ps

 
 Number of triangulated 3-point waters found:        0
| Dynamic Memory, Types Used:
| Reals              243347
| Integers           862667

| GPU memory information (estimate):
| KB of GPU memory in use:     28440
| KB of CPU memory in use:      6840

--------------------------------------------------------------------------------
   4.  RESULTS
--------------------------------------------------------------------------------


 NSTEP =        0   TIME(PS) =       0.000  TEMP(K) =   361.48  PRESS =     0.0
 Etot   =     -8873.0461  EKtot   =      6452.7584  EPtot      =    -15325.8044
 BOND   =       243.4017  ANGLE   =      1008.1604  DIHED      =      5305.2619
 1-4 NB =      1395.0551  1-4 EEL =     17972.3156  VDWAALS    =     -3769.1806
 EELEC  =    -32091.2182  EGB     =     -5529.0222  RESTRAINT  =         0.0000
 ESURF=       139.4219
 ------------------------------------------------------------------------------


 NSTEP =      500   TIME(PS) =       1.000  TEMP(K) =   244.44  PRESS =     0.0
 Etot   =     -6460.6217  EKtot   =      4363.4399  EPtot      =    -10824.0616
 BOND   =      1159.4356  ANGLE   =      3254.9620  DIHED      =      5802.6914
 1-4 NB =      1516.4269  1-4 EEL =     17952.4999  VDWAALS    =     -3549.4601
 EELEC  =    -31841.5630  EGB     =     -5659.9062  RESTRAINT  =       397.8795
 EAMBER (non-restraint)  =    -11221.9411
 ESURF=       142.9726
 ------------------------------------------------------------------------------


 NSTEP =     1000   TIME(PS) =       2.000  TEMP(K) =   273.56  PRESS =     0.0
 Etot   =     -5296.8441  EKtot   =      4883.3315  EPtot      =    -10180.1757
 BOND   =      1302.1391  ANGLE   =      3541.0928  DIHED      =      5883.1493
 1-4 NB =      1570.8140  1-4 EEL =     17936.0271  VDWAALS    =     -3549.2944
 EELEC  =    -31788.9939  EGB     =     -5672.9460  RESTRAINT  =       452.5719
 EAMBER (non-restraint)  =    -10632.7476
 ESURF=       145.2645
 ------------------------------------------------------------------------------


 NSTEP =     1500   TIME(PS) =       3.000  TEMP(K) =   293.04  PRESS =     0.0
 Etot   =     -4776.5280  EKtot   =      5231.1079  EPtot      =    -10007.6359
 BOND   =      1342.5104  ANGLE   =      3682.3236  DIHED      =      5930.3949
 1-4 NB =      1572.5207  1-4 EEL =     17940.4343  VDWAALS    =     -3564.7074
 EELEC  =    -31834.6837  EGB     =     -5693.9372  RESTRAINT  =       471.8322
 EAMBER (non-restraint)  =    -10479.4682
 ESURF=       145.6762
 ------------------------------------------------------------------------------


 NSTEP =     2000   TIME(PS) =       4.000  TEMP(K) =   293.61  PRESS =     0.0
 Etot   =     -4560.3100  EKtot   =      5241.2148  EPtot      =     -9801.5248
 BOND   =      1398.5180  ANGLE   =      3761.6343  DIHED      =      5945.2532
 1-4 NB =      1552.7240  1-4 EEL =     17865.6582  VDWAALS    =     -3492.8280
 EELEC  =    -31820.9464  EGB     =     -5657.0779  RESTRAINT  =       501.2638
 EAMBER (non-restraint)  =    -10302.7886
 ESURF=       144.2758
 ------------------------------------------------------------------------------


 NSTEP =     2500   TIME(PS) =       5.000  TEMP(K) =   293.26  PRESS =     0.0
 Etot   =     -4622.9063  EKtot   =      5234.8970  EPtot      =     -9857.8033
 BOND   =      1327.7615  ANGLE   =      3752.1668  DIHED      =      5894.1031
 1-4 NB =      1610.5485  1-4 EEL =     17932.1197  VDWAALS    =     -3524.5733
 EELEC  =    -31865.7768  EGB     =     -5631.2308  RESTRAINT  =       501.5543
 EAMBER (non-restraint)  =    -10359.3576
 ESURF=       145.5237
 ------------------------------------------------------------------------------


 NSTEP =     3000   TIME(PS) =       6.000  TEMP(K) =   293.95  PRESS =     0.0
 Etot   =     -4508.9474  EKtot   =      5247.2822  EPtot      =     -9756.2297
 BOND   =      1363.0750  ANGLE   =      3802.1851  DIHED      =      5963.4759
 1-4 NB =      1562.3219  1-4 EEL =     17922.3643  VDWAALS    =     -3534.8253
 EELEC  =    -31768.5652  EGB     =     -5710.2735  RESTRAINT  =       497.7549
 EAMBER (non-restraint)  =    -10253.9845
 ESURF=       146.2572
 ------------------------------------------------------------------------------


 NSTEP =     3500   TIME(PS) =       7.000  TEMP(K) =   299.16  PRESS =     0.0
 Etot   =     -4466.0828  EKtot   =      5340.2393  EPtot      =     -9806.3221
 BOND   =      1323.8342  ANGLE   =      3747.5495  DIHED      =      5952.6284
 1-4 NB =      1596.8586  1-4 EEL =     17957.7323  VDWAALS    =     -3505.7695
 EELEC  =    -31853.7944  EGB     =     -5670.8268  RESTRAINT  =       500.9232
 EAMBER (non-restraint)  =    -10307.2453
 ESURF=       144.5426
 ------------------------------------------------------------------------------


 NSTEP =     4000   TIME(PS) =       8.000  TEMP(K) =   293.62  PRESS =     0.0
 Etot   =     -4577.8199  EKtot   =      5241.4736  EPtot      =     -9819.2936
 BOND   =      1382.2978  ANGLE   =      3739.0679  DIHED      =      5958.2661
 1-4 NB =      1569.3179  1-4 EEL =     17894.2474  VDWAALS    =     -3522.2401
 EELEC  =    -31809.1759  EGB     =     -5668.1222  RESTRAINT  =       491.4969
 EAMBER (non-restraint)  =    -10310.7905
 ESURF=       145.5508
 ------------------------------------------------------------------------------


 NSTEP =     4500   TIME(PS) =       9.000  TEMP(K) =   296.57  PRESS =     0.0
 Etot   =     -4577.4699  EKtot   =      5293.9917  EPtot      =     -9871.4616
 BOND   =      1398.2040  ANGLE   =      3740.6756  DIHED      =      5937.6481
 1-4 NB =      1550.2739  1-4 EEL =     17880.3986  VDWAALS    =     -3554.3123
 EELEC  =    -31840.2792  EGB     =     -5629.7407  RESTRAINT  =       502.3873
 EAMBER (non-restraint)  =    -10373.8489
 ESURF=       143.2832
 ------------------------------------------------------------------------------


 NSTEP =     5000   TIME(PS) =      10.000  TEMP(K) =   302.39  PRESS =     0.0
 Etot   =     -4457.9656  EKtot   =      5397.8594  EPtot      =     -9855.8250
 BOND   =      1383.4435  ANGLE   =      3735.0715  DIHED      =      5928.0833
 1-4 NB =      1545.6542  1-4 EEL =     17890.3643  VDWAALS    =     -3511.5994
 EELEC  =    -31792.9618  EGB     =     -5680.9700  RESTRAINT  =       501.3944
 EAMBER (non-restraint)  =    -10357.2194
 ESURF=       145.6948
 ------------------------------------------------------------------------------


 NSTEP =     5500   TIME(PS) =      11.000  TEMP(K) =   296.32  PRESS =     0.0
 Etot   =     -4463.3504  EKtot   =      5289.5117  EPtot      =     -9752.8621
 BOND   =      1392.2353  ANGLE   =      3732.6962  DIHED      =      5917.6317
 1-4 NB =      1619.6828  1-4 EEL =     17926.4639  VDWAALS    =     -3519.2261
 EELEC  =    -31835.3279  EGB     =     -5657.1961  RESTRAINT  =       525.9355
 EAMBER (non-restraint)  =    -10278.7976
 ESURF=       144.2427
 ------------------------------------------------------------------------------


 NSTEP =     6000   TIME(PS) =      12.000  TEMP(K) =   294.71  PRESS =     0.0
 Etot   =     -4599.2774  EKtot   =      5260.8564  EPtot      =     -9860.1339
 BOND   =      1370.4136  ANGLE   =      3736.2926  DIHED      =      5946.7561
 1-4 NB =      1559.5346  1-4 EEL =     17867.4900  VDWAALS    =     -3532.7343
 EELEC  =    -31769.1678  EGB     =     -5685.0680  RESTRAINT  =       501.4080
 EAMBER (non-restraint)  =    -10361.5419
 ESURF=       144.9414
 ------------------------------------------------------------------------------


 NSTEP =     6500   TIME(PS) =      13.000  TEMP(K) =   292.12  PRESS =     0.0
 Etot   =     -4574.6994  EKtot   =      5214.5698  EPtot      =     -9789.2692
 BOND   =      1432.5252  ANGLE   =      3741.8867  DIHED      =      5954.0020
 1-4 NB =      1563.0787  1-4 EEL =     17926.2061  VDWAALS    =     -3538.4839
 EELEC  =    -31853.6135  EGB     =     -5661.9859  RESTRAINT  =       502.9357
 EAMBER (non-restraint)  =    -10292.2049
 ESURF=       144.1798
 ------------------------------------------------------------------------------


 NSTEP =     7000   TIME(PS) =      14.000  TEMP(K) =   298.55  PRESS =     0.0
 Etot   =     -4455.4540  EKtot   =      5329.3662  EPtot      =     -9784.8202
 BOND   =      1392.0890  ANGLE   =      3741.7552  DIHED      =      5921.1764
 1-4 NB =      1589.8592  1-4 EEL =     17830.9531  VDWAALS    =     -3474.7184
 EELEC  =    -31780.9108  EGB     =     -5666.8085  RESTRAINT  =       516.5433
 EAMBER (non-restraint)  =    -10301.3635
 ESURF=       145.2411
 ------------------------------------------------------------------------------


 NSTEP =     7500   TIME(PS) =      15.000  TEMP(K) =   297.18  PRESS =     0.0
 Etot   =     -4513.6797  EKtot   =      5304.9697  EPtot      =     -9818.6494
 BOND   =      1400.4675  ANGLE   =      3705.9265  DIHED      =      5930.8366
 1-4 NB =      1579.5035  1-4 EEL =     17969.8690  VDWAALS    =     -3511.6216
 EELEC  =    -31913.0676  EGB     =     -5630.6518  RESTRAINT  =       505.8881
 EAMBER (non-restraint)  =    -10324.5376
 ESURF=       144.2003
 ------------------------------------------------------------------------------


 NSTEP =     8000   TIME(PS) =      16.000  TEMP(K) =   306.59  PRESS =     0.0
 Etot   =     -4284.8989  EKtot   =      5472.9351  EPtot      =     -9757.8339
 BOND   =      1423.0394  ANGLE   =      3754.6248  DIHED      =      5946.2546
 1-4 NB =      1589.4056  1-4 EEL =     17903.0710  VDWAALS    =     -3523.8162
 EELEC  =    -31859.7023  EGB     =     -5639.6370  RESTRAINT  =       505.7377
 EAMBER (non-restraint)  =    -10263.5716
 ESURF=       143.1885
 ------------------------------------------------------------------------------


 NSTEP =     8500   TIME(PS) =      17.000  TEMP(K) =   299.96  PRESS =     0.0
 Etot   =     -4327.2049  EKtot   =      5354.4893  EPtot      =     -9681.6942
 BOND   =      1435.9229  ANGLE   =      3759.3079  DIHED      =      5937.0053
 1-4 NB =      1578.4456  1-4 EEL =     17975.3260  VDWAALS    =     -3499.8867
 EELEC  =    -31827.7265  EGB     =     -5688.9837  RESTRAINT  =       503.7636
 EAMBER (non-restraint)  =    -10185.4578
 ESURF=       145.1315
 ------------------------------------------------------------------------------


 NSTEP =     9000   TIME(PS) =      18.000  TEMP(K) =   295.88  PRESS =     0.0
 Etot   =     -4425.8304  EKtot   =      5281.7070  EPtot      =     -9707.5374
 BOND   =      1381.2485  ANGLE   =      3796.5567  DIHED      =      5961.7297
 1-4 NB =      1578.1723  1-4 EEL =     17875.0769  VDWAALS    =     -3511.4207
 EELEC  =    -31775.1135  EGB     =     -5691.7282  RESTRAINT  =       530.5866
 EAMBER (non-restraint)  =    -10238.1240
 ESURF=       147.3543
 ------------------------------------------------------------------------------


 NSTEP =     9500   TIME(PS) =      19.000  TEMP(K) =   300.20  PRESS =     0.0
 Etot   =     -4459.4179  EKtot   =      5358.9385  EPtot      =     -9818.3564
 BOND   =      1362.0290  ANGLE   =      3757.9347  DIHED      =      5945.2562
 1-4 NB =      1566.6060  1-4 EEL =     17906.7311  VDWAALS    =     -3507.0401
 EELEC  =    -31852.8113  EGB     =     -5657.1608  RESTRAINT  =       513.8412
 EAMBER (non-restraint)  =    -10332.1976
 ESURF=       146.2574
 ------------------------------------------------------------------------------


 NSTEP =    10000   TIME(PS) =      20.000  TEMP(K) =   300.41  PRESS =     0.0
 Etot   =     -4360.3234  EKtot   =      5362.6011  EPtot      =     -9722.9245
 BOND   =      1380.1283  ANGLE   =      3808.0159  DIHED      =      5953.7127
 1-4 NB =      1612.4104  1-4 EEL =     17821.3702  VDWAALS    =     -3514.4114
 EELEC  =    -31817.9458  EGB     =     -5637.8917  RESTRAINT  =       527.4258
 EAMBER (non-restraint)  =    -10250.3503
 ESURF=       144.2612
 ------------------------------------------------------------------------------


      A V E R A G E S   O V E R      20 S T E P S


 NSTEP =    10000   TIME(PS) =      20.000  TEMP(K) =   293.28  PRESS =     0.0
 Etot   =     -4638.4816  EKtot   =      5235.2391  EPtot      =     -9873.7207
 BOND   =      1367.5659  ANGLE   =      3714.5863  DIHED      =      5930.5027
 1-4 NB =      1574.2080  1-4 EEL =     17908.7202  VDWAALS    =     -3522.1485
 EELEC  =    -31825.1064  EGB     =     -5664.6072  RESTRAINT  =       497.6562
 EAMBER (non-restraint)  =    -10371.3769
 ESURF=       144.9020
 ------------------------------------------------------------------------------


      R M S  F L U C T U A T I O N S


 NSTEP =    10000   TIME(PS) =      20.000  TEMP(K) =    12.82  PRESS =     0.0
 Etot   =       465.1589  EKtot   =       228.8214  EPtot      =       242.7633
 BOND   =        58.6325  ANGLE   =       118.2728  DIHED      =        35.7884
 1-4 NB =        24.1491  1-4 EEL =        42.0407  VDWAALS    =        21.6609
 EELEC  =        36.8333  EGB     =        22.4757  RESTRAINT  =        28.6089
 EAMBER (non-restraint)  =       214.1544
 ESURF=         1.0882
 ------------------------------------------------------------------------------

--------------------------------------------------------------------------------
   5.  TIMINGS
--------------------------------------------------------------------------------

|  NonSetup CPU Time in Major Routines:
|
|     Routine           Sec        %
|     ------------------------------
|     Nonbond           0.30    0.91
|     Bond              0.00    0.00
|     Angle             0.00    0.00
|     Dihedral          0.00    0.00
|     Shake             0.06    0.17
|     RunMD            32.08   98.91
|     Other             0.00    0.00
|     ------------------------------
|     Total            32.44

|  Generalized Born CPU Time:
|
|     Routine                 Sec        %
|     ------------------------------------
|     Radii Calc              0.00    0.00
|     Diagonal Calc           0.00    0.00
|     Off Diagonal Calc       0.00    0.00
|     GBSA LCPO Calc          0.00    0.00
|     ---------------------------------
|     Total                   0.00    0.00

|  Final Performance Info:
|     -----------------------------------------------------
|     Average timings for last   10000 steps:
|     Elapsed(s) =      32.52 Per Step(ms) =       3.25
|         ns/day =      53.14   seconds/ns =    1625.95
|
|     Average timings for all steps:
|     Elapsed(s) =      32.52 Per Step(ms) =       3.25
|         ns/day =      53.14   seconds/ns =    1625.95
|     -----------------------------------------------------

|  Setup CPU time:            0.38 seconds
|  NonSetup CPU time:        32.44 seconds
|  Total CPU time:           32.81 seconds     0.01 hours

|  Setup wall time:           1    seconds
|  NonSetup wall time:       32    seconds
|  Total wall time:          33    seconds     0.01 hours
